<?xml version="1.0" encoding="UTF-8"?>
<testsuite name="Realizar compra de celular" tests="1" skipped="0" failures="0" errors="0" timestamp="2021-02-23T13:37:12" hostname="DESKTOP-QJKBCOV" time="13.758">
  <properties/>
  <testcase name="Compra de celular exitosa" classname="Realizar compra de celular" time="13.758"/>
  <system-out><![CDATA[]]></system-out>
  <system-err><![CDATA[[Test worker] WARN net.thucydides.core.steps.BaseStepListener - stepStarted: net.thucydides.core.steps.ExecutedStepDescription@32bd5910
[Test worker] INFO net.thucydides.core.steps.ConsoleLoggingListener - STARTING STEP Dado que Camilo quiere buscar celulares en la pagina
[Test worker] WARN net.thucydides.core.steps.BaseStepListener - stepStarted: net.thucydides.core.steps.ExecutedStepDescription@36f76c4
[Test worker] INFO net.thucydides.core.steps.ConsoleLoggingListener - STARTING STEP Camilo abrir pagina
[Test worker] WARN net.thucydides.core.steps.BaseStepListener - stepStarted: net.thucydides.core.steps.ExecutedStepDescription@1ef130f6
[Test worker] INFO net.thucydides.core.steps.ConsoleLoggingListener - STARTING STEP Camilo opens the Product store page
feb. 23, 2021 8:37:13 A. M. org.openqa.selenium.remote.DesiredCapabilities chrome
INFO: Using `new ChromeOptions()` is preferred to `DesiredCapabilities.chrome()`
[Test worker] INFO net.serenitybdd.core.webdriver.driverproviders.ProvideNewDriver - Instantiating driver
[Test worker] INFO net.serenitybdd.core.webdriver.driverproviders.ProvideNewDriver - Driver capabilities: Capabilities {acceptInsecureCerts: false, browserName: chrome, chrome.switches: --disk-cache-dir=null, --di..., goog:chromeOptions: {args: [--disk-cache-dir=null, --disable-popup-blocking, --incognito, --disable-download-notifica..., --start-maximized, --test-type, --ignore-certificate-errors, --allow-running-insecure-co..., --disable-traslate, --always-authorize-plugins, --disable-extensions], extensions: []}, loggingPrefs: org.openqa.selenium.logging..., platform: ANY, version: }
Starting ChromeDriver 88.0.4324.96 (68dba2d8a0b149a1d3afac56fa74648032bcf46b-refs/branch-heads/4324@{#1784}) on port 36440
Only local connections are allowed.
Please see https://chromedriver.chromium.org/security-considerations for suggestions on keeping ChromeDriver safe.
ChromeDriver was started successfully.
feb. 23, 2021 8:37:15 A. M. org.openqa.selenium.remote.ProtocolHandshake createSession
INFO: Detected dialect: W3C
[Test worker] WARN net.thucydides.core.steps.BaseStepListener - stepFinished: current outcome:Compra de celular exitosa:Dado que Camilo quiere buscar celulares en la pagina [Camilo abrir pagina [Camilo opens the Product store page]]
[Test worker] INFO net.thucydides.core.steps.ConsoleLoggingListener - FINISHING STEP
[Test worker] WARN net.thucydides.core.steps.BaseStepListener - stepFinished: current outcome:Compra de celular exitosa:Dado que Camilo quiere buscar celulares en la pagina [Camilo abrir pagina [Camilo opens the Product store page]]
[Test worker] INFO net.thucydides.core.steps.ConsoleLoggingListener - FINISHING STEP
[Test worker] WARN net.thucydides.core.steps.BaseStepListener - stepStarted: net.thucydides.core.steps.ExecutedStepDescription@30b83122
[Test worker] INFO net.thucydides.core.steps.ConsoleLoggingListener - STARTING STEP Camilo seleccionar producto
[Test worker] WARN net.thucydides.core.steps.BaseStepListener - stepStarted: net.thucydides.core.steps.ExecutedStepDescription@1c6699e2
[Test worker] INFO net.thucydides.core.steps.ConsoleLoggingListener - STARTING STEP Camilo clicks on Boton seleccionar producto
[Test worker] WARN net.thucydides.core.steps.BaseStepListener - stepFinished: current outcome:Compra de celular exitosa:Dado que Camilo quiere buscar celulares en la pagina [Camilo abrir pagina [Camilo opens the Product store page], Camilo seleccionar producto [Camilo clicks on Boton seleccionar producto]]
[Test worker] INFO net.thucydides.core.steps.ConsoleLoggingListener - FINISHING STEP
[Test worker] WARN net.thucydides.core.steps.BaseStepListener - stepStarted: net.thucydides.core.steps.ExecutedStepDescription@276acaa3
[Test worker] INFO net.thucydides.core.steps.ConsoleLoggingListener - STARTING STEP Camilo clicks on Boton aÃ±adir producto
[Test worker] WARN net.thucydides.core.steps.BaseStepListener - stepFinished: current outcome:Compra de celular exitosa:Dado que Camilo quiere buscar celulares en la pagina [Camilo abrir pagina [Camilo opens the Product store page], Camilo seleccionar producto [Camilo clicks on Boton seleccionar producto, Camilo clicks on Boton aÃ±adir producto]]
[Test worker] INFO net.thucydides.core.steps.ConsoleLoggingListener - FINISHING STEP
[Test worker] WARN net.thucydides.core.steps.BaseStepListener - stepFinished: current outcome:Compra de celular exitosa:Dado que Camilo quiere buscar celulares en la pagina [Camilo abrir pagina [Camilo opens the Product store page], Camilo seleccionar producto [Camilo clicks on Boton seleccionar producto, Camilo clicks on Boton aÃ±adir producto]]
[Test worker] INFO net.thucydides.core.steps.ConsoleLoggingListener - FINISHING STEP
[Test worker] WARN net.thucydides.core.steps.BaseStepListener - stepFinished: current outcome:Compra de celular exitosa:Dado que Camilo quiere buscar celulares en la pagina [Camilo abrir pagina [Camilo opens the Product store page], Camilo seleccionar producto [Camilo clicks on Boton seleccionar producto, Camilo clicks on Boton aÃ±adir producto]]
[Test worker] INFO net.thucydides.core.steps.ConsoleLoggingListener - FINISHING STEP
[Test worker] WARN net.thucydides.core.steps.BaseStepListener - stepStarted: net.thucydides.core.steps.ExecutedStepDescription@633f9462
[Test worker] INFO net.thucydides.core.steps.ConsoleLoggingListener - STARTING STEP Cuando compra un celular
[Test worker] WARN net.thucydides.core.steps.BaseStepListener - stepStarted: net.thucydides.core.steps.ExecutedStepDescription@f3a6cdb
[Test worker] INFO net.thucydides.core.steps.ConsoleLoggingListener - STARTING STEP Camilo comprar celular
[Test worker] WARN net.thucydides.core.steps.BaseStepListener - stepStarted: net.thucydides.core.steps.ExecutedStepDescription@32ed94f8
[Test worker] INFO net.thucydides.core.steps.ConsoleLoggingListener - STARTING STEP Camilo clicks on Boton seleccionar producto
[Test worker] WARN net.thucydides.core.steps.BaseStepListener - stepFinished: current outcome:Compra de celular exitosa:Dado que Camilo quiere buscar celulares en la pagina [Camilo abrir pagina [Camilo opens the Product store page], Camilo seleccionar producto [Camilo clicks on Boton seleccionar producto, Camilo clicks on Boton aÃ±adir producto]], Cuando compra un celular [Camilo comprar celular [Camilo clicks on Boton seleccionar producto]]
[Test worker] INFO net.thucydides.core.steps.ConsoleLoggingListener - FINISHING STEP
[Test worker] WARN net.thucydides.core.steps.BaseStepListener - stepStarted: net.thucydides.core.steps.ExecutedStepDescription@3f406b51
[Test worker] INFO net.thucydides.core.steps.ConsoleLoggingListener - STARTING STEP Camilo clicks on Boton seleccionar producto
[Test worker] WARN net.thucydides.core.steps.BaseStepListener - stepFinished: current outcome:Compra de celular exitosa:Dado que Camilo quiere buscar celulares en la pagina [Camilo abrir pagina [Camilo opens the Product store page], Camilo seleccionar producto [Camilo clicks on Boton seleccionar producto, Camilo clicks on Boton aÃ±adir producto]], Cuando compra un celular [Camilo comprar celular [Camilo clicks on Boton seleccionar producto, Camilo clicks on Boton seleccionar producto]]
[Test worker] INFO net.thucydides.core.steps.ConsoleLoggingListener - FINISHING STEP
[Test worker] WARN net.thucydides.core.steps.BaseStepListener - stepStarted: net.thucydides.core.steps.ExecutedStepDescription@16e25f43
[Test worker] INFO net.thucydides.core.steps.ConsoleLoggingListener - STARTING STEP Camilo enters 'Camilo' into Caja de texto nombre
[Test worker] WARN net.thucydides.core.steps.BaseStepListener - stepFinished: current outcome:Compra de celular exitosa:Dado que Camilo quiere buscar celulares en la pagina [Camilo abrir pagina [Camilo opens the Product store page], Camilo seleccionar producto [Camilo clicks on Boton seleccionar producto, Camilo clicks on Boton aÃ±adir producto]], Cuando compra un celular [Camilo comprar celular [Camilo clicks on Boton seleccionar producto, Camilo clicks on Boton seleccionar producto, Camilo enters 'Camilo' into Caja de texto nombre]]
[Test worker] INFO net.thucydides.core.steps.ConsoleLoggingListener - FINISHING STEP
[Test worker] WARN net.thucydides.core.steps.BaseStepListener - stepStarted: net.thucydides.core.steps.ExecutedStepDescription@5a23bbcb
[Test worker] INFO net.thucydides.core.steps.ConsoleLoggingListener - STARTING STEP Camilo enters 'Colombia' into Caja de texto paÃ­s
[Test worker] WARN net.thucydides.core.steps.BaseStepListener - stepFinished: current outcome:Compra de celular exitosa:Dado que Camilo quiere buscar celulares en la pagina [Camilo abrir pagina [Camilo opens the Product store page], Camilo seleccionar producto [Camilo clicks on Boton seleccionar producto, Camilo clicks on Boton aÃ±adir producto]], Cuando compra un celular [Camilo comprar celular [Camilo clicks on Boton seleccionar producto, Camilo clicks on Boton seleccionar producto, Camilo enters 'Camilo' into Caja de texto nombre, Camilo enters 'Colombia' into Caja de texto paÃ­s]]
[Test worker] INFO net.thucydides.core.steps.ConsoleLoggingListener - FINISHING STEP
[Test worker] WARN net.thucydides.core.steps.BaseStepListener - stepStarted: net.thucydides.core.steps.ExecutedStepDescription@5420deef
[Test worker] INFO net.thucydides.core.steps.ConsoleLoggingListener - STARTING STEP Camilo enters 'Medellin' into Caja de texto ciudad
[Test worker] WARN net.thucydides.core.steps.BaseStepListener - stepFinished: current outcome:Compra de celular exitosa:Dado que Camilo quiere buscar celulares en la pagina [Camilo abrir pagina [Camilo opens the Product store page], Camilo seleccionar producto [Camilo clicks on Boton seleccionar producto, Camilo clicks on Boton aÃ±adir producto]], Cuando compra un celular [Camilo comprar celular [Camilo clicks on Boton seleccionar producto, Camilo clicks on Boton seleccionar producto, Camilo enters 'Camilo' into Caja de texto nombre, Camilo enters 'Colombia' into Caja de texto paÃ­s, Camilo enters 'Medellin' into Caja de texto ciudad]]
[Test worker] INFO net.thucydides.core.steps.ConsoleLoggingListener - FINISHING STEP
[Test worker] WARN net.thucydides.core.steps.BaseStepListener - stepStarted: net.thucydides.core.steps.ExecutedStepDescription@cd334e2
[Test worker] INFO net.thucydides.core.steps.ConsoleLoggingListener - STARTING STEP Camilo enters 'ABC123' into Caja de texto tarjeta de credito
[Test worker] WARN net.thucydides.core.steps.BaseStepListener - stepFinished: current outcome:Compra de celular exitosa:Dado que Camilo quiere buscar celulares en la pagina [Camilo abrir pagina [Camilo opens the Product store page], Camilo seleccionar producto [Camilo clicks on Boton seleccionar producto, Camilo clicks on Boton aÃ±adir producto]], Cuando compra un celular [Camilo comprar celular [Camilo clicks on Boton seleccionar producto, Camilo clicks on Boton seleccionar producto, Camilo enters 'Camilo' into Caja de texto nombre, Camilo enters 'Colombia' into Caja de texto paÃ­s, Camilo enters 'Medellin' into Caja de texto ciudad, Camilo enters 'ABC123' into Caja de texto tarjeta de credito]]
[Test worker] INFO net.thucydides.core.steps.ConsoleLoggingListener - FINISHING STEP
[Test worker] WARN net.thucydides.core.steps.BaseStepListener - stepStarted: net.thucydides.core.steps.ExecutedStepDescription@51a6ee38
[Test worker] INFO net.thucydides.core.steps.ConsoleLoggingListener - STARTING STEP Camilo enters '05' into Caja de texto mes
[Test worker] WARN net.thucydides.core.steps.BaseStepListener - stepFinished: current outcome:Compra de celular exitosa:Dado que Camilo quiere buscar celulares en la pagina [Camilo abrir pagina [Camilo opens the Product store page], Camilo seleccionar producto [Camilo clicks on Boton seleccionar producto, Camilo clicks on Boton aÃ±adir producto]], Cuando compra un celular [Camilo comprar celular [Camilo clicks on Boton seleccionar producto, Camilo clicks on Boton seleccionar producto, Camilo enters 'Camilo' into Caja de texto nombre, Camilo enters 'Colombia' into Caja de texto paÃ­s, Camilo enters 'Medellin' into Caja de texto ciudad, Camilo enters 'ABC123' into Caja de texto tarjeta de credito, Camilo enters '05' into Caja de texto mes]]
[Test worker] INFO net.thucydides.core.steps.ConsoleLoggingListener - FINISHING STEP
[Test worker] WARN net.thucydides.core.steps.BaseStepListener - stepStarted: net.thucydides.core.steps.ExecutedStepDescription@6437d11f
[Test worker] INFO net.thucydides.core.steps.ConsoleLoggingListener - STARTING STEP Camilo enters '22' into Caja de texto aÃ±o
[Test worker] WARN net.thucydides.core.steps.BaseStepListener - stepFinished: current outcome:Compra de celular exitosa:Dado que Camilo quiere buscar celulares en la pagina [Camilo abrir pagina [Camilo opens the Product store page], Camilo seleccionar producto [Camilo clicks on Boton seleccionar producto, Camilo clicks on Boton aÃ±adir producto]], Cuando compra un celular [Camilo comprar celular [Camilo clicks on Boton seleccionar producto, Camilo clicks on Boton seleccionar producto, Camilo enters 'Camilo' into Caja de texto nombre, Camilo enters 'Colombia' into Caja de texto paÃ­s, Camilo enters 'Medellin' into Caja de texto ciudad, Camilo enters 'ABC123' into Caja de texto tarjeta de credito, Camilo enters '05' into Caja de texto mes, Camilo enters '22' into Caja de texto aÃ±o]]
[Test worker] INFO net.thucydides.core.steps.ConsoleLoggingListener - FINISHING STEP
[Test worker] WARN net.thucydides.core.steps.BaseStepListener - stepStarted: net.thucydides.core.steps.ExecutedStepDescription@5b3647b7
[Test worker] INFO net.thucydides.core.steps.ConsoleLoggingListener - STARTING STEP Camilo clicks on Boton confirmar compra
[Test worker] WARN net.thucydides.core.steps.BaseStepListener - stepFinished: current outcome:Compra de celular exitosa:Dado que Camilo quiere buscar celulares en la pagina [Camilo abrir pagina [Camilo opens the Product store page], Camilo seleccionar producto [Camilo clicks on Boton seleccionar producto, Camilo clicks on Boton aÃ±adir producto]], Cuando compra un celular [Camilo comprar celular [Camilo clicks on Boton seleccionar producto, Camilo clicks on Boton seleccionar producto, Camilo enters 'Camilo' into Caja de texto nombre, Camilo enters 'Colombia' into Caja de texto paÃ­s, Camilo enters 'Medellin' into Caja de texto ciudad, Camilo enters 'ABC123' into Caja de texto tarjeta de credito, Camilo enters '05' into Caja de texto mes, Camilo enters '22' into Caja de texto aÃ±o, Camilo clicks on Boton confirmar compra]]
[Test worker] INFO net.thucydides.core.steps.ConsoleLoggingListener - FINISHING STEP
[Test worker] WARN net.thucydides.core.steps.BaseStepListener - stepFinished: current outcome:Compra de celular exitosa:Dado que Camilo quiere buscar celulares en la pagina [Camilo abrir pagina [Camilo opens the Product store page], Camilo seleccionar producto [Camilo clicks on Boton seleccionar producto, Camilo clicks on Boton aÃ±adir producto]], Cuando compra un celular [Camilo comprar celular [Camilo clicks on Boton seleccionar producto, Camilo clicks on Boton seleccionar producto, Camilo enters 'Camilo' into Caja de texto nombre, Camilo enters 'Colombia' into Caja de texto paÃ­s, Camilo enters 'Medellin' into Caja de texto ciudad, Camilo enters 'ABC123' into Caja de texto tarjeta de credito, Camilo enters '05' into Caja de texto mes, Camilo enters '22' into Caja de texto aÃ±o, Camilo clicks on Boton confirmar compra]]
[Test worker] INFO net.thucydides.core.steps.ConsoleLoggingListener - FINISHING STEP
[Test worker] WARN net.thucydides.core.steps.BaseStepListener - stepFinished: current outcome:Compra de celular exitosa:Dado que Camilo quiere buscar celulares en la pagina [Camilo abrir pagina [Camilo opens the Product store page], Camilo seleccionar producto [Camilo clicks on Boton seleccionar producto, Camilo clicks on Boton aÃ±adir producto]], Cuando compra un celular [Camilo comprar celular [Camilo clicks on Boton seleccionar producto, Camilo clicks on Boton seleccionar producto, Camilo enters 'Camilo' into Caja de texto nombre, Camilo enters 'Colombia' into Caja de texto paÃ­s, Camilo enters 'Medellin' into Caja de texto ciudad, Camilo enters 'ABC123' into Caja de texto tarjeta de credito, Camilo enters '05' into Caja de texto mes, Camilo enters '22' into Caja de texto aÃ±o, Camilo clicks on Boton confirmar compra]]
[Test worker] INFO net.thucydides.core.steps.ConsoleLoggingListener - FINISHING STEP
[Test worker] WARN net.thucydides.core.steps.BaseStepListener - stepStarted: net.thucydides.core.steps.ExecutedStepDescription@b991543
[Test worker] INFO net.thucydides.core.steps.ConsoleLoggingListener - STARTING STEP Entonces se debe visualizar en pantalla Thank you for your purchase!
[Test worker] WARN net.thucydides.core.steps.BaseStepListener - stepStarted: net.thucydides.core.steps.ExecutedStepDescription@e6cdf71
[Test worker] INFO net.thucydides.core.steps.ConsoleLoggingListener - STARTING STEP Then answer
[Test worker] WARN net.thucydides.core.steps.BaseStepListener - stepFinished: current outcome:Compra de celular exitosa:Dado que Camilo quiere buscar celulares en la pagina [Camilo abrir pagina [Camilo opens the Product store page], Camilo seleccionar producto [Camilo clicks on Boton seleccionar producto, Camilo clicks on Boton aÃ±adir producto]], Cuando compra un celular [Camilo comprar celular [Camilo clicks on Boton seleccionar producto, Camilo clicks on Boton seleccionar producto, Camilo enters 'Camilo' into Caja de texto nombre, Camilo enters 'Colombia' into Caja de texto paÃ­s, Camilo enters 'Medellin' into Caja de texto ciudad, Camilo enters 'ABC123' into Caja de texto tarjeta de credito, Camilo enters '05' into Caja de texto mes, Camilo enters '22' into Caja de texto aÃ±o, Camilo clicks on Boton confirmar compra]], Entonces se debe visualizar en pantalla Thank you for your purchase! [Then answer]
[Test worker] INFO net.thucydides.core.steps.ConsoleLoggingListener - FINISHING STEP
[Test worker] WARN net.thucydides.core.steps.BaseStepListener - stepFinished: current outcome:Compra de celular exitosa:Dado que Camilo quiere buscar celulares en la pagina [Camilo abrir pagina [Camilo opens the Product store page], Camilo seleccionar producto [Camilo clicks on Boton seleccionar producto, Camilo clicks on Boton aÃ±adir producto]], Cuando compra un celular [Camilo comprar celular [Camilo clicks on Boton seleccionar producto, Camilo clicks on Boton seleccionar producto, Camilo enters 'Camilo' into Caja de texto nombre, Camilo enters 'Colombia' into Caja de texto paÃ­s, Camilo enters 'Medellin' into Caja de texto ciudad, Camilo enters 'ABC123' into Caja de texto tarjeta de credito, Camilo enters '05' into Caja de texto mes, Camilo enters '22' into Caja de texto aÃ±o, Camilo clicks on Boton confirmar compra]], Entonces se debe visualizar en pantalla Thank you for your purchase! [Then answer]
[Test worker] INFO net.thucydides.core.steps.ConsoleLoggingListener - FINISHING STEP
[Test worker] WARN net.thucydides.core.steps.BaseStepListener - testFinished: Compra de celular exitosa:Dado que Camilo quiere buscar celulares en la pagina [Camilo abrir pagina [Camilo opens the Product store page], Camilo seleccionar producto [Camilo clicks on Boton seleccionar producto, Camilo clicks on Boton aÃ±adir producto]], Cuando compra un celular [Camilo comprar celular [Camilo clicks on Boton seleccionar producto, Camilo clicks on Boton seleccionar producto, Camilo enters 'Camilo' into Caja de texto nombre, Camilo enters 'Colombia' into Caja de texto paÃ­s, Camilo enters 'Medellin' into Caja de texto ciudad, Camilo enters 'ABC123' into Caja de texto tarjeta de credito, Camilo enters '05' into Caja de texto mes, Camilo enters '22' into Caja de texto aÃ±o, Camilo clicks on Boton confirmar compra]], Entonces se debe visualizar en pantalla Thank you for your purchase! [Then answer]
[Test worker] WARN net.thucydides.core.steps.BaseStepListener - TestOutcomes: [Compra de celular exitosa:Dado que Camilo quiere buscar celulares en la pagina [Camilo abrir pagina [Camilo opens the Product store page], Camilo seleccionar producto [Camilo clicks on Boton seleccionar producto, Camilo clicks on Boton aÃ±adir producto]], Cuando compra un celular [Camilo comprar celular [Camilo clicks on Boton seleccionar producto, Camilo clicks on Boton seleccionar producto, Camilo enters 'Camilo' into Caja de texto nombre, Camilo enters 'Colombia' into Caja de texto paÃ­s, Camilo enters 'Medellin' into Caja de texto ciudad, Camilo enters 'ABC123' into Caja de texto tarjeta de credito, Camilo enters '05' into Caja de texto mes, Camilo enters '22' into Caja de texto aÃ±o, Camilo clicks on Boton confirmar compra]], Entonces se debe visualizar en pantalla Thank you for your purchase! [Then answer]]
[Test worker] WARN net.thucydides.core.steps.BaseStepListener - Final testOutcomes: [Compra de celular exitosa:Dado que Camilo quiere buscar celulares en la pagina [Camilo abrir pagina [Camilo opens the Product store page], Camilo seleccionar producto [Camilo clicks on Boton seleccionar producto, Camilo clicks on Boton aÃ±adir producto]], Cuando compra un celular [Camilo comprar celular [Camilo clicks on Boton seleccionar producto, Camilo clicks on Boton seleccionar producto, Camilo enters 'Camilo' into Caja de texto nombre, Camilo enters 'Colombia' into Caja de texto paÃ­s, Camilo enters 'Medellin' into Caja de texto ciudad, Camilo enters 'ABC123' into Caja de texto tarjeta de credito, Camilo enters '05' into Caja de texto mes, Camilo enters '22' into Caja de texto aÃ±o, Camilo clicks on Boton confirmar compra]], Entonces se debe visualizar en pantalla Thank you for your purchase! [Then answer]]
[Test worker] INFO net.thucydides.core.steps.ConsoleLoggingListener - 
        __    _____ _____ ____ _____   ____   _    ____  ____  _____ ____  
  _     \ \  |_   _| ____/ ___|_   _| |  _ \ / \  / ___|/ ___|| ____|  _ \ 
 (_)_____| |   | | |  _| \___ \ | |   | |_) / _ \ \___ \\___ \|  _| | | | |
  _|_____| |   | | | |___ ___) || |   |  __/ ___ \ ___) |___) | |___| |_| |
 (_)     | |   |_| |_____|____/ |_|   |_| /_/   \_\____/|____/|_____|____/ 
        /_/                                                                

TEST PASSED: Compra de celular exitosa
----------------------------------------------------------------------------
]]></system-err>
</testsuite>
